<?xml version="1.0" encoding="UTF-8"?>
<!-- Generated by org.testng.reporters.JUnitXMLReporter -->
<testsuite ignored="0" hostname="DESKTOP-H425LRN" failures="1" tests="2" name="Default test" time="7.199" errors="0" timestamp="2022-08-02T20:02:13 EDT">
  <testcase classname="io.cucumber.testng.AbstractTestNGCucumberTests" name="runScenario" time="5.249"/>
  <testcase classname="io.cucumber.testng.AbstractTestNGCucumberTests" name="runScenario" time="0.804">
    <failure type="java.lang.IllegalArgumentException" message="No enum constant resources.APIResources.&amp;lt;getPlaceAPI&amp;gt;">
      <![CDATA[java.lang.IllegalArgumentException: No enum constant resources.APIResources.<getPlaceAPI>
at java.base/java.lang.Enum.valueOf(Enum.java:273)
at resources.APIResources.valueOf(APIResources.java:1)
at stepDefinations.apiAddPlaceStepDefination.user_calls_with_resquest(apiAddPlaceStepDefination.java:74)
at stepDefinations.apiAddPlaceStepDefination.verify_place_id_created_maps_to_using(apiAddPlaceStepDefination.java:146)
at ✽.verify place_id created maps to "vishal" using "<getPlaceAPI>"(file:///D:/ApiBDDframeworkComplete/ApiFramework/src/test/java/features/apiADDPlace.feature:15)
]]>
    </failure>
  </testcase> <!-- runScenario -->
</testsuite> <!-- Default test -->
