<?xml version="1.0" encoding="UTF-8"?>
<testng-results ignored="0" total="2" passed="1" failed="1" skipped="0">
  <reporter-output>
  </reporter-output>
  <suite started-at="2022-08-02T20:02:06 EDT" name="Default suite" finished-at="2022-08-02T20:02:13 EDT" duration-ms="7199">
    <groups>
      <group name="cucumber">
        <method signature="AbstractTestNGCucumberTests.runScenario(io.cucumber.testng.PickleWrapper,io.cucumber.testng.FeatureWrapper)[pri:0, instance:CucumberOptions.TestNGTestRunner@443118b0]" name="runScenario" class="io.cucumber.testng.AbstractTestNGCucumberTests"/>
      </group> <!-- cucumber -->
    </groups>
    <test started-at="2022-08-02T20:02:06 EDT" name="Default test" finished-at="2022-08-02T20:02:13 EDT" duration-ms="7199">
      <class name="CucumberOptions.TestNGTestRunner">
        <test-method is-config="true" signature="setUpClass(org.testng.ITestContext)[pri:0, instance:CucumberOptions.TestNGTestRunner@443118b0]" started-at="2022-08-02T20:02:06 EDT" name="setUpClass" finished-at="2022-08-02T20:02:07 EDT" duration-ms="981" status="PASS">
          <params>
            <param index="0">
              <value>
                <![CDATA[org.testng.TestRunner@1e120628]]>
              </value>
            </param>
          </params>
          <reporter-output>
          </reporter-output>
        </test-method> <!-- setUpClass -->
        <test-method signature="runScenario(io.cucumber.testng.PickleWrapper,io.cucumber.testng.FeatureWrapper)[pri:0, instance:CucumberOptions.TestNGTestRunner@443118b0]" started-at="2022-08-02T20:02:07 EDT" name="runScenario" description="Runs Cucumber Scenarios" data-provider="scenarios" finished-at="2022-08-02T20:02:12 EDT" duration-ms="5249" status="PASS">
          <params>
            <param index="0">
              <value>
                <![CDATA["Verify if place is being successfully added using ADD Place Api"]]>
              </value>
            </param>
            <param index="1">
              <value>
                <![CDATA["Validating Place Api's"]]>
              </value>
            </param>
          </params>
          <reporter-output>
          </reporter-output>
        </test-method> <!-- runScenario -->
        <test-method signature="runScenario(io.cucumber.testng.PickleWrapper,io.cucumber.testng.FeatureWrapper)[pri:0, instance:CucumberOptions.TestNGTestRunner@443118b0]" started-at="2022-08-02T20:02:12 EDT" name="runScenario" description="Runs Cucumber Scenarios" data-provider="scenarios" finished-at="2022-08-02T20:02:13 EDT" duration-ms="804" status="FAIL">
          <params>
            <param index="0">
              <value>
                <![CDATA["Verify if place is being successfully added using ADD Place Api"]]>
              </value>
            </param>
            <param index="1">
              <value>
                <![CDATA["Validating Place Api's"]]>
              </value>
            </param>
          </params>
          <exception class="java.lang.IllegalArgumentException">
            <message>
              <![CDATA[No enum constant resources.APIResources.<getPlaceAPI>]]>
            </message>
            <full-stacktrace>
              <![CDATA[java.lang.IllegalArgumentException: No enum constant resources.APIResources.<getPlaceAPI>
at java.base/java.lang.Enum.valueOf(Enum.java:273)
at resources.APIResources.valueOf(APIResources.java:1)
at stepDefinations.apiAddPlaceStepDefination.user_calls_with_resquest(apiAddPlaceStepDefination.java:74)
at stepDefinations.apiAddPlaceStepDefination.verify_place_id_created_maps_to_using(apiAddPlaceStepDefination.java:146)
at ✽.verify place_id created maps to "vishal" using "<getPlaceAPI>"(file:///D:/ApiBDDframeworkComplete/ApiFramework/src/test/java/features/apiADDPlace.feature:15)
]]>
            </full-stacktrace>
          </exception> <!-- java.lang.IllegalArgumentException -->
          <reporter-output>
          </reporter-output>
        </test-method> <!-- runScenario -->
        <test-method is-config="true" signature="tearDownClass()[pri:0, instance:CucumberOptions.TestNGTestRunner@443118b0]" started-at="2022-08-02T20:02:13 EDT" name="tearDownClass" finished-at="2022-08-02T20:02:13 EDT" duration-ms="54" status="PASS">
          <reporter-output>
          </reporter-output>
        </test-method> <!-- tearDownClass -->
      </class> <!-- CucumberOptions.TestNGTestRunner -->
    </test> <!-- Default test -->
  </suite> <!-- Default suite -->
</testng-results>
