<?xml version="1.0" encoding="UTF-8"?>
<testng-results ignored="0" total="3" passed="3" failed="0" skipped="0">
  <reporter-output>
  </reporter-output>
  <suite started-at="2022-08-03T20:23:24 EDT" name="Default suite" finished-at="2022-08-03T20:23:33 EDT" duration-ms="8990">
    <groups>
      <group name="cucumber">
        <method signature="AbstractTestNGCucumberTests.runScenario(io.cucumber.testng.PickleWrapper,io.cucumber.testng.FeatureWrapper)[pri:0, instance:CucumberOptions.TestNGTestRunner@443118b0]" name="runScenario" class="io.cucumber.testng.AbstractTestNGCucumberTests"/>
      </group> <!-- cucumber -->
    </groups>
    <test started-at="2022-08-03T20:23:24 EDT" name="Default test" finished-at="2022-08-03T20:23:33 EDT" duration-ms="8990">
      <class name="CucumberOptions.TestNGTestRunner">
        <test-method is-config="true" signature="setUpClass(org.testng.ITestContext)[pri:0, instance:CucumberOptions.TestNGTestRunner@443118b0]" started-at="2022-08-03T20:23:24 EDT" name="setUpClass" finished-at="2022-08-03T20:23:25 EDT" duration-ms="1216" status="PASS">
          <params>
            <param index="0">
              <value>
                <![CDATA[org.testng.TestRunner@643f6179]]>
              </value>
            </param>
          </params>
          <reporter-output>
          </reporter-output>
        </test-method> <!-- setUpClass -->
        <test-method signature="runScenario(io.cucumber.testng.PickleWrapper,io.cucumber.testng.FeatureWrapper)[pri:0, instance:CucumberOptions.TestNGTestRunner@443118b0]" started-at="2022-08-03T20:23:25 EDT" name="runScenario" description="Runs Cucumber Scenarios" data-provider="scenarios" finished-at="2022-08-03T20:23:30 EDT" duration-ms="4814" status="PASS">
          <params>
            <param index="0">
              <value>
                <![CDATA["Verify if place is being successfully added using ADD Place Api"]]>
              </value>
            </param>
            <param index="1">
              <value>
                <![CDATA["Validating Place Api's"]]>
              </value>
            </param>
          </params>
          <reporter-output>
          </reporter-output>
        </test-method> <!-- runScenario -->
        <test-method signature="runScenario(io.cucumber.testng.PickleWrapper,io.cucumber.testng.FeatureWrapper)[pri:0, instance:CucumberOptions.TestNGTestRunner@443118b0]" started-at="2022-08-03T20:23:30 EDT" name="runScenario" description="Runs Cucumber Scenarios" data-provider="scenarios" finished-at="2022-08-03T20:23:31 EDT" duration-ms="1062" status="PASS">
          <params>
            <param index="0">
              <value>
                <![CDATA["Verify if place is being successfully Deleted using Delete Place Api"]]>
              </value>
            </param>
            <param index="1">
              <value>
                <![CDATA["Validating Place Api's"]]>
              </value>
            </param>
          </params>
          <reporter-output>
          </reporter-output>
        </test-method> <!-- runScenario -->
        <test-method signature="runScenario(io.cucumber.testng.PickleWrapper,io.cucumber.testng.FeatureWrapper)[pri:0, instance:CucumberOptions.TestNGTestRunner@443118b0]" started-at="2022-08-03T20:23:31 EDT" name="runScenario" description="Runs Cucumber Scenarios" data-provider="scenarios" finished-at="2022-08-03T20:23:33 EDT" duration-ms="1766" status="PASS">
          <params>
            <param index="0">
              <value>
                <![CDATA["Verify if place is being successfully added using ADD Place Api"]]>
              </value>
            </param>
            <param index="1">
              <value>
                <![CDATA["Validating Place Api's"]]>
              </value>
            </param>
          </params>
          <reporter-output>
          </reporter-output>
        </test-method> <!-- runScenario -->
        <test-method is-config="true" signature="tearDownClass()[pri:0, instance:CucumberOptions.TestNGTestRunner@443118b0]" started-at="2022-08-03T20:23:33 EDT" name="tearDownClass" finished-at="2022-08-03T20:23:33 EDT" duration-ms="44" status="PASS">
          <reporter-output>
          </reporter-output>
        </test-method> <!-- tearDownClass -->
      </class> <!-- CucumberOptions.TestNGTestRunner -->
    </test> <!-- Default test -->
  </suite> <!-- Default suite -->
</testng-results>
