<?xml version="1.0" encoding="UTF-8"?>
<!-- Generated by org.testng.reporters.JUnitReportReporter -->
<testsuite hostname="DESKTOP-H425LRN" failures="0" tests="2" name="CucumberOptions.TestNGTestRunner" time="6.053" errors="1" timestamp="2022-08-02T20:02:13 EDT" skipped="0">
  <testcase classname="CucumberOptions.TestNGTestRunner" name="runScenario" time="0.804">
    <error message="No enum constant resources.APIResources.&lt;getPlaceAPI&gt;" type="java.lang.IllegalArgumentException">
      <![CDATA[java.lang.IllegalArgumentException: No enum constant resources.APIResources.<getPlaceAPI>
at java.base/java.lang.Enum.valueOf(Enum.java:273)
at resources.APIResources.valueOf(APIResources.java:1)
at stepDefinations.apiAddPlaceStepDefination.user_calls_with_resquest(apiAddPlaceStepDefination.java:74)
at stepDefinations.apiAddPlaceStepDefination.verify_place_id_created_maps_to_using(apiAddPlaceStepDefination.java:146)
at ✽.verify place_id created maps to "vishal" using "<getPlaceAPI>"(file:///D:/ApiBDDframeworkComplete/ApiFramework/src/test/java/features/apiADDPlace.feature:15)
]]>
    </error>
  </testcase> <!-- runScenario -->
  <system-out/>
  <testcase classname="CucumberOptions.TestNGTestRunner" name="runScenario" time="5.249"/>
  <system-out/>
</testsuite> <!-- CucumberOptions.TestNGTestRunner -->
